Performing C SOURCE FILE Test CMAKE_HAVE_LIBC_PTHREAD failed with the following output:
Change Dir: /data/.health_ctrl_ws/hlog/hlog/build/CMakeFiles/CMakeTmp

Run Build Command(s):/usr/bin/make cmTC_908b0/fast && /usr/bin/make -f CMakeFiles/cmTC_908b0.dir/build.make CMakeFiles/cmTC_908b0.dir/build
make[1]: Entering directory '/data/.health_ctrl_ws/hlog/hlog/build/CMakeFiles/CMakeTmp'
Building C object CMakeFiles/cmTC_908b0.dir/src.c.o
/usr/bin/cc   -DCMAKE_HAVE_LIBC_PTHREAD   -o CMakeFiles/cmTC_908b0.dir/src.c.o   -c /data/.health_ctrl_ws/hlog/hlog/build/CMakeFiles/CMakeTmp/src.c
Linking C executable cmTC_908b0
/usr/bin/cmake -E cmake_link_script CMakeFiles/cmTC_908b0.dir/link.txt --verbose=1
/usr/bin/cc  -DCMAKE_HAVE_LIBC_PTHREAD    CMakeFiles/cmTC_908b0.dir/src.c.o  -o cmTC_908b0 
collect2: error: ld returned 1 exit status
make[1]: *** [CMakeFiles/cmTC_908b0.dir/build.make:87: cmTC_908b0] Error 1
make[1]: Leaving directory '/data/.health_ctrl_ws/hlog/hlog/build/CMakeFiles/CMakeTmp'
make: *** [Makefile:121: cmTC_908b0/fast] Error 2


Source file was:
#include <pthread.h>

void* test_func(void* data)
{
  return data;
}

int main(void)
{
  pthread_t thread;
  pthread_create(&thread, NULL, test_func, NULL);
  pthread_detach(thread);
  pthread_join(thread, NULL);
  pthread_atfork(NULL, NULL, NULL);
  pthread_exit(NULL);

  return 0;
}

Determining if the function pthread_create exists in the pthreads failed with the following output:
Change Dir: /data/.health_ctrl_ws/hlog/hlog/build/CMakeFiles/CMakeTmp

Run Build Command(s):/usr/bin/make cmTC_4f2cf/fast && /usr/bin/make -f CMakeFiles/cmTC_4f2cf.dir/build.make CMakeFiles/cmTC_4f2cf.dir/build
make[1]: Entering directory '/data/.health_ctrl_ws/hlog/hlog/build/CMakeFiles/CMakeTmp'
Building C object CMakeFiles/cmTC_4f2cf.dir/CheckFunctionExists.c.o
/usr/bin/cc   -DCHECK_FUNCTION_EXISTS=pthread_create   -o CMakeFiles/cmTC_4f2cf.dir/CheckFunctionExists.c.o   -c /usr/share/cmake-3.16/Modules/CheckFunctionExists.c
Linking C executable cmTC_4f2cf
/usr/bin/cmake -E cmake_link_script CMakeFiles/cmTC_4f2cf.dir/link.txt --verbose=1
/usr/bin/cc  -DCHECK_FUNCTION_EXISTS=pthread_create    CMakeFiles/cmTC_4f2cf.dir/CheckFunctionExists.c.o  -o cmTC_4f2cf  -lpthreads 
/usr/bin/ld: cannot find -lpthreads
collect2: error: ld returned 1 exit status
make[1]: *** [CMakeFiles/cmTC_4f2cf.dir/build.make:87: cmTC_4f2cf] Error 1
make[1]: Leaving directory '/data/.health_ctrl_ws/hlog/hlog/build/CMakeFiles/CMakeTmp'
make: *** [Makefile:121: cmTC_4f2cf/fast] Error 2



